[ 2017-09-20T00:00:00+08:00 ] ::1 /novel/Admin/Crawler/index.html
INFO: [ app_init ] --START--
INFO: Run Behavior\BuildLiteBehavior [ RunTime:0.000000s ]
INFO: [ app_init ] --END-- [ RunTime:0.000000s ]
NOTIC: [2] array_merge(): Argument #2 is not an array E:\phpStudy\WWW\novel\ThinkPHP\Library\Think\Hook.class.php 第 55 行.
NOTIC: [2] array_merge(): Argument #2 is not an array E:\phpStudy\WWW\novel\ThinkPHP\Library\Think\Hook.class.php 第 55 行.
NOTIC: [2] array_merge(): Argument #2 is not an array E:\phpStudy\WWW\novel\ThinkPHP\Library\Think\Hook.class.php 第 55 行.
NOTIC: [2] array_merge(): Argument #2 is not an array E:\phpStudy\WWW\novel\ThinkPHP\Library\Think\Hook.class.php 第 55 行.
INFO: [ app_begin ] --START--
INFO: Run Behavior\ReadHtmlCacheBehavior [ RunTime:0.001000s ]
INFO: [ app_begin ] --END-- [ RunTime:0.001000s ]
SQL: SHOW COLUMNS FROM `sky_category` [ RunTime:0.0260s ]
INFO: [ view_parse ] --START--
INFO: [ template_filter ] --START--
INFO: Run Behavior\ContentReplaceBehavior [ RunTime:0.000000s ]
INFO: [ template_filter ] --END-- [ RunTime:0.000000s ]
INFO: Run Behavior\ParseTemplateBehavior [ RunTime:0.033002s ]
INFO: [ view_parse ] --END-- [ RunTime:0.034002s ]
INFO: [ view_filter ] --START--
INFO: Run Behavior\WriteHtmlCacheBehavior [ RunTime:0.001000s ]
INFO: Run Behavior\TokenBuildBehavior [ RunTime:0.001000s ]
INFO: [ view_filter ] --END-- [ RunTime:0.002000s ]
INFO: [ app_end ] --START--
INFO: Run Behavior\ShowPageTraceBehavior [ RunTime:0.002000s ]
INFO: [ app_end ] --END-- [ RunTime:0.002000s ]

[ 2017-09-20T00:00:02+08:00 ] ::1 /novel/Admin/Crawler/add.html
INFO: [ app_init ] --START--
INFO: Run Behavior\BuildLiteBehavior [ RunTime:0.000000s ]
INFO: [ app_init ] --END-- [ RunTime:0.000000s ]
NOTIC: [2] array_merge(): Argument #2 is not an array E:\phpStudy\WWW\novel\ThinkPHP\Library\Think\Hook.class.php 第 55 行.
NOTIC: [2] array_merge(): Argument #2 is not an array E:\phpStudy\WWW\novel\ThinkPHP\Library\Think\Hook.class.php 第 55 行.
NOTIC: [2] array_merge(): Argument #2 is not an array E:\phpStudy\WWW\novel\ThinkPHP\Library\Think\Hook.class.php 第 55 行.
NOTIC: [2] array_merge(): Argument #2 is not an array E:\phpStudy\WWW\novel\ThinkPHP\Library\Think\Hook.class.php 第 55 行.
INFO: [ app_begin ] --START--
INFO: Run Behavior\ReadHtmlCacheBehavior [ RunTime:0.000000s ]
INFO: [ app_begin ] --END-- [ RunTime:0.000000s ]
SQL: SHOW COLUMNS FROM `sky_category` [ RunTime:0.0050s ]
INFO: [ view_parse ] --START--
INFO: [ template_filter ] --START--
INFO: Run Behavior\ContentReplaceBehavior [ RunTime:0.000000s ]
INFO: [ template_filter ] --END-- [ RunTime:0.000000s ]
INFO: Run Behavior\ParseTemplateBehavior [ RunTime:0.009000s ]
INFO: [ view_parse ] --END-- [ RunTime:0.009000s ]
INFO: [ view_filter ] --START--
INFO: Run Behavior\WriteHtmlCacheBehavior [ RunTime:0.000000s ]
INFO: Run Behavior\TokenBuildBehavior [ RunTime:0.001001s ]
INFO: [ view_filter ] --END-- [ RunTime:0.001001s ]
INFO: [ app_end ] --START--
INFO: Run Behavior\ShowPageTraceBehavior [ RunTime:0.000000s ]
INFO: [ app_end ] --END-- [ RunTime:0.000000s ]

[ 2017-09-20T00:01:47+08:00 ] ::1 /novel/Admin/Crawler/add.html
INFO: [ app_init ] --START--
INFO: Run Behavior\BuildLiteBehavior [ RunTime:0.000000s ]
INFO: [ app_init ] --END-- [ RunTime:0.000000s ]
NOTIC: [2] array_merge(): Argument #2 is not an array E:\phpStudy\WWW\novel\ThinkPHP\Library\Think\Hook.class.php 第 55 行.
NOTIC: [2] array_merge(): Argument #2 is not an array E:\phpStudy\WWW\novel\ThinkPHP\Library\Think\Hook.class.php 第 55 行.
NOTIC: [2] array_merge(): Argument #2 is not an array E:\phpStudy\WWW\novel\ThinkPHP\Library\Think\Hook.class.php 第 55 行.
NOTIC: [2] array_merge(): Argument #2 is not an array E:\phpStudy\WWW\novel\ThinkPHP\Library\Think\Hook.class.php 第 55 行.
INFO: [ app_begin ] --START--
INFO: Run Behavior\ReadHtmlCacheBehavior [ RunTime:0.000000s ]
INFO: [ app_begin ] --END-- [ RunTime:0.000000s ]
SQL: SHOW COLUMNS FROM `sky_category` [ RunTime:0.0000s ]
INFO: [ view_parse ] --START--
INFO: [ template_filter ] --START--
INFO: Run Behavior\ContentReplaceBehavior [ RunTime:0.000000s ]
INFO: [ template_filter ] --END-- [ RunTime:0.000000s ]
INFO: Run Behavior\ParseTemplateBehavior [ RunTime:0.010000s ]
INFO: [ view_parse ] --END-- [ RunTime:0.010000s ]
INFO: [ view_filter ] --START--
INFO: Run Behavior\WriteHtmlCacheBehavior [ RunTime:0.000000s ]
INFO: Run Behavior\TokenBuildBehavior [ RunTime:0.000000s ]
INFO: [ view_filter ] --END-- [ RunTime:0.000000s ]
INFO: [ app_end ] --START--
INFO: Run Behavior\ShowPageTraceBehavior [ RunTime:0.000000s ]
INFO: [ app_end ] --END-- [ RunTime:0.000000s ]

[ 2017-09-20T00:01:50+08:00 ] ::1 /novel/Admin/Crawler/add.html
INFO: [ app_init ] --START--
INFO: Run Behavior\BuildLiteBehavior [ RunTime:0.000000s ]
INFO: [ app_init ] --END-- [ RunTime:0.001000s ]
NOTIC: [2] array_merge(): Argument #2 is not an array E:\phpStudy\WWW\novel\ThinkPHP\Library\Think\Hook.class.php 第 55 行.
NOTIC: [2] array_merge(): Argument #2 is not an array E:\phpStudy\WWW\novel\ThinkPHP\Library\Think\Hook.class.php 第 55 行.
NOTIC: [2] array_merge(): Argument #2 is not an array E:\phpStudy\WWW\novel\ThinkPHP\Library\Think\Hook.class.php 第 55 行.
NOTIC: [2] array_merge(): Argument #2 is not an array E:\phpStudy\WWW\novel\ThinkPHP\Library\Think\Hook.class.php 第 55 行.
INFO: [ app_begin ] --START--
INFO: Run Behavior\ReadHtmlCacheBehavior [ RunTime:0.000000s ]
INFO: [ app_begin ] --END-- [ RunTime:0.000000s ]
SQL: SHOW COLUMNS FROM `sky_category` [ RunTime:0.0040s ]
INFO: [ view_parse ] --START--
INFO: [ template_filter ] --START--
INFO: Run Behavior\ContentReplaceBehavior [ RunTime:0.000000s ]
INFO: [ template_filter ] --END-- [ RunTime:0.000000s ]
INFO: Run Behavior\ParseTemplateBehavior [ RunTime:0.011001s ]
INFO: [ view_parse ] --END-- [ RunTime:0.011001s ]
INFO: [ view_filter ] --START--
INFO: Run Behavior\WriteHtmlCacheBehavior [ RunTime:0.001000s ]
INFO: Run Behavior\TokenBuildBehavior [ RunTime:0.000000s ]
INFO: [ view_filter ] --END-- [ RunTime:0.001000s ]
INFO: [ app_end ] --START--
INFO: Run Behavior\ShowPageTraceBehavior [ RunTime:0.001000s ]
INFO: [ app_end ] --END-- [ RunTime:0.001000s ]

[ 2017-09-20T00:03:43+08:00 ] ::1 /novel/Admin/Crawler/add.html
INFO: [ app_init ] --START--
INFO: Run Behavior\BuildLiteBehavior [ RunTime:0.000000s ]
INFO: [ app_init ] --END-- [ RunTime:0.000000s ]
NOTIC: [2] array_merge(): Argument #2 is not an array E:\phpStudy\WWW\novel\ThinkPHP\Library\Think\Hook.class.php 第 55 行.
NOTIC: [2] array_merge(): Argument #2 is not an array E:\phpStudy\WWW\novel\ThinkPHP\Library\Think\Hook.class.php 第 55 行.
NOTIC: [2] array_merge(): Argument #2 is not an array E:\phpStudy\WWW\novel\ThinkPHP\Library\Think\Hook.class.php 第 55 行.
NOTIC: [2] array_merge(): Argument #2 is not an array E:\phpStudy\WWW\novel\ThinkPHP\Library\Think\Hook.class.php 第 55 行.
INFO: [ app_begin ] --START--
INFO: Run Behavior\ReadHtmlCacheBehavior [ RunTime:0.001000s ]
INFO: [ app_begin ] --END-- [ RunTime:0.001000s ]
SQL: SHOW COLUMNS FROM `sky_category` [ RunTime:0.0200s ]
INFO: [ view_parse ] --START--
INFO: [ template_filter ] --START--
INFO: Run Behavior\ContentReplaceBehavior [ RunTime:0.000000s ]
INFO: [ template_filter ] --END-- [ RunTime:0.000000s ]
INFO: Run Behavior\ParseTemplateBehavior [ RunTime:0.010000s ]
INFO: [ view_parse ] --END-- [ RunTime:0.010000s ]
INFO: [ view_filter ] --START--
INFO: Run Behavior\WriteHtmlCacheBehavior [ RunTime:0.000000s ]
INFO: Run Behavior\TokenBuildBehavior [ RunTime:0.000000s ]
INFO: [ view_filter ] --END-- [ RunTime:0.000000s ]
INFO: [ app_end ] --START--
INFO: Run Behavior\ShowPageTraceBehavior [ RunTime:0.000000s ]
INFO: [ app_end ] --END-- [ RunTime:0.000000s ]

[ 2017-09-20T00:03:46+08:00 ] ::1 /novel/Admin/Crawler/add.html
INFO: [ app_init ] --START--
INFO: Run Behavior\BuildLiteBehavior [ RunTime:0.000000s ]
INFO: [ app_init ] --END-- [ RunTime:0.001000s ]
NOTIC: [2] array_merge(): Argument #2 is not an array E:\phpStudy\WWW\novel\ThinkPHP\Library\Think\Hook.class.php 第 55 行.
NOTIC: [2] array_merge(): Argument #2 is not an array E:\phpStudy\WWW\novel\ThinkPHP\Library\Think\Hook.class.php 第 55 行.
NOTIC: [2] array_merge(): Argument #2 is not an array E:\phpStudy\WWW\novel\ThinkPHP\Library\Think\Hook.class.php 第 55 行.
NOTIC: [2] array_merge(): Argument #2 is not an array E:\phpStudy\WWW\novel\ThinkPHP\Library\Think\Hook.class.php 第 55 行.
INFO: [ app_begin ] --START--
INFO: Run Behavior\ReadHtmlCacheBehavior [ RunTime:0.000000s ]
INFO: [ app_begin ] --END-- [ RunTime:0.000000s ]
SQL: SHOW COLUMNS FROM `sky_category` [ RunTime:0.0070s ]
INFO: [ view_parse ] --START--
INFO: [ template_filter ] --START--
INFO: Run Behavior\ContentReplaceBehavior [ RunTime:0.000000s ]
INFO: [ template_filter ] --END-- [ RunTime:0.000000s ]
INFO: Run Behavior\ParseTemplateBehavior [ RunTime:0.017001s ]
INFO: [ view_parse ] --END-- [ RunTime:0.017001s ]
INFO: [ view_filter ] --START--
INFO: Run Behavior\WriteHtmlCacheBehavior [ RunTime:0.000000s ]
INFO: Run Behavior\TokenBuildBehavior [ RunTime:0.001000s ]
INFO: [ view_filter ] --END-- [ RunTime:0.001000s ]
INFO: [ app_end ] --START--
INFO: Run Behavior\ShowPageTraceBehavior [ RunTime:0.000000s ]
INFO: [ app_end ] --END-- [ RunTime:0.000000s ]

[ 2017-09-20T00:03:52+08:00 ] ::1 /novel/Admin/Crawler/index.html
INFO: [ app_init ] --START--
INFO: Run Behavior\BuildLiteBehavior [ RunTime:0.000000s ]
INFO: [ app_init ] --END-- [ RunTime:0.000000s ]
NOTIC: [2] array_merge(): Argument #2 is not an array E:\phpStudy\WWW\novel\ThinkPHP\Library\Think\Hook.class.php 第 55 行.
NOTIC: [2] array_merge(): Argument #2 is not an array E:\phpStudy\WWW\novel\ThinkPHP\Library\Think\Hook.class.php 第 55 行.
NOTIC: [2] array_merge(): Argument #2 is not an array E:\phpStudy\WWW\novel\ThinkPHP\Library\Think\Hook.class.php 第 55 行.
NOTIC: [2] array_merge(): Argument #2 is not an array E:\phpStudy\WWW\novel\ThinkPHP\Library\Think\Hook.class.php 第 55 行.
INFO: [ app_begin ] --START--
INFO: Run Behavior\ReadHtmlCacheBehavior [ RunTime:0.001001s ]
INFO: [ app_begin ] --END-- [ RunTime:0.001001s ]
SQL: SHOW COLUMNS FROM `sky_category` [ RunTime:0.0170s ]
INFO: [ view_parse ] --START--
INFO: [ template_filter ] --START--
INFO: Run Behavior\ContentReplaceBehavior [ RunTime:0.000000s ]
INFO: [ template_filter ] --END-- [ RunTime:0.000000s ]
INFO: Run Behavior\ParseTemplateBehavior [ RunTime:0.009001s ]
INFO: [ view_parse ] --END-- [ RunTime:0.009001s ]
INFO: [ view_filter ] --START--
INFO: Run Behavior\WriteHtmlCacheBehavior [ RunTime:0.000000s ]
INFO: Run Behavior\TokenBuildBehavior [ RunTime:0.000000s ]
INFO: [ view_filter ] --END-- [ RunTime:0.000000s ]
INFO: [ app_end ] --START--
INFO: Run Behavior\ShowPageTraceBehavior [ RunTime:0.001000s ]
INFO: [ app_end ] --END-- [ RunTime:0.001000s ]

[ 2017-09-20T00:05:03+08:00 ] ::1 /novel/Admin/Crawler/index.html
INFO: [ app_init ] --START--
INFO: Run Behavior\BuildLiteBehavior [ RunTime:0.000000s ]
INFO: [ app_init ] --END-- [ RunTime:0.000000s ]
NOTIC: [2] array_merge(): Argument #2 is not an array E:\phpStudy\WWW\novel\ThinkPHP\Library\Think\Hook.class.php 第 55 行.
NOTIC: [2] array_merge(): Argument #2 is not an array E:\phpStudy\WWW\novel\ThinkPHP\Library\Think\Hook.class.php 第 55 行.
NOTIC: [2] array_merge(): Argument #2 is not an array E:\phpStudy\WWW\novel\ThinkPHP\Library\Think\Hook.class.php 第 55 行.
NOTIC: [2] array_merge(): Argument #2 is not an array E:\phpStudy\WWW\novel\ThinkPHP\Library\Think\Hook.class.php 第 55 行.
INFO: [ app_begin ] --START--
INFO: Run Behavior\ReadHtmlCacheBehavior [ RunTime:0.000000s ]
INFO: [ app_begin ] --END-- [ RunTime:0.000000s ]
SQL: SHOW COLUMNS FROM `sky_category` [ RunTime:0.0100s ]
INFO: [ view_parse ] --START--
INFO: [ template_filter ] --START--
INFO: Run Behavior\ContentReplaceBehavior [ RunTime:0.000000s ]
INFO: [ template_filter ] --END-- [ RunTime:0.000000s ]
INFO: Run Behavior\ParseTemplateBehavior [ RunTime:0.010000s ]
INFO: [ view_parse ] --END-- [ RunTime:0.010000s ]
INFO: [ view_filter ] --START--
INFO: Run Behavior\WriteHtmlCacheBehavior [ RunTime:0.000000s ]
INFO: Run Behavior\TokenBuildBehavior [ RunTime:0.000000s ]
INFO: [ view_filter ] --END-- [ RunTime:0.000000s ]
INFO: [ app_end ] --START--
INFO: Run Behavior\ShowPageTraceBehavior [ RunTime:0.000000s ]
INFO: [ app_end ] --END-- [ RunTime:0.000000s ]

[ 2017-09-20T00:05:21+08:00 ] ::1 /novel/Admin/Crawler/index.html
INFO: [ app_init ] --START--
INFO: Run Behavior\BuildLiteBehavior [ RunTime:0.000000s ]
INFO: [ app_init ] --END-- [ RunTime:0.000000s ]
NOTIC: [2] array_merge(): Argument #2 is not an array E:\phpStudy\WWW\novel\ThinkPHP\Library\Think\Hook.class.php 第 55 行.
NOTIC: [2] array_merge(): Argument #2 is not an array E:\phpStudy\WWW\novel\ThinkPHP\Library\Think\Hook.class.php 第 55 行.
NOTIC: [2] array_merge(): Argument #2 is not an array E:\phpStudy\WWW\novel\ThinkPHP\Library\Think\Hook.class.php 第 55 行.
NOTIC: [2] array_merge(): Argument #2 is not an array E:\phpStudy\WWW\novel\ThinkPHP\Library\Think\Hook.class.php 第 55 行.
INFO: [ app_begin ] --START--
INFO: Run Behavior\ReadHtmlCacheBehavior [ RunTime:0.000000s ]
INFO: [ app_begin ] --END-- [ RunTime:0.000000s ]
SQL: SHOW COLUMNS FROM `sky_category` [ RunTime:0.0200s ]
INFO: [ view_parse ] --START--
INFO: [ template_filter ] --START--
INFO: Run Behavior\ContentReplaceBehavior [ RunTime:0.000000s ]
INFO: [ template_filter ] --END-- [ RunTime:0.000000s ]
INFO: Run Behavior\ParseTemplateBehavior [ RunTime:0.030000s ]
INFO: [ view_parse ] --END-- [ RunTime:0.030000s ]
INFO: [ view_filter ] --START--
INFO: Run Behavior\WriteHtmlCacheBehavior [ RunTime:0.000000s ]
INFO: Run Behavior\TokenBuildBehavior [ RunTime:0.000000s ]
INFO: [ view_filter ] --END-- [ RunTime:0.000000s ]
INFO: [ app_end ] --START--
INFO: Run Behavior\ShowPageTraceBehavior [ RunTime:0.000000s ]
INFO: [ app_end ] --END-- [ RunTime:0.000000s ]

[ 2017-09-20T00:06:27+08:00 ] ::1 /novel/Admin/Crawler/index.html
INFO: [ app_init ] --START--
INFO: Run Behavior\BuildLiteBehavior [ RunTime:0.000000s ]
INFO: [ app_init ] --END-- [ RunTime:0.000000s ]
NOTIC: [2] array_merge(): Argument #2 is not an array E:\phpStudy\WWW\novel\ThinkPHP\Library\Think\Hook.class.php 第 55 行.
NOTIC: [2] array_merge(): Argument #2 is not an array E:\phpStudy\WWW\novel\ThinkPHP\Library\Think\Hook.class.php 第 55 行.
NOTIC: [2] array_merge(): Argument #2 is not an array E:\phpStudy\WWW\novel\ThinkPHP\Library\Think\Hook.class.php 第 55 行.
NOTIC: [2] array_merge(): Argument #2 is not an array E:\phpStudy\WWW\novel\ThinkPHP\Library\Think\Hook.class.php 第 55 行.
INFO: [ app_begin ] --START--
INFO: Run Behavior\ReadHtmlCacheBehavior [ RunTime:0.000000s ]
INFO: [ app_begin ] --END-- [ RunTime:0.000000s ]
SQL: SHOW COLUMNS FROM `sky_category` [ RunTime:0.0200s ]
INFO: [ view_parse ] --START--
INFO: [ template_filter ] --START--
INFO: Run Behavior\ContentReplaceBehavior [ RunTime:0.000000s ]
INFO: [ template_filter ] --END-- [ RunTime:0.000000s ]
INFO: Run Behavior\ParseTemplateBehavior [ RunTime:0.060000s ]
INFO: [ view_parse ] --END-- [ RunTime:0.060000s ]
INFO: [ view_filter ] --START--
INFO: Run Behavior\WriteHtmlCacheBehavior [ RunTime:0.000000s ]
INFO: Run Behavior\TokenBuildBehavior [ RunTime:0.000000s ]
INFO: [ view_filter ] --END-- [ RunTime:0.000000s ]
INFO: [ app_end ] --START--
INFO: Run Behavior\ShowPageTraceBehavior [ RunTime:0.000000s ]
INFO: [ app_end ] --END-- [ RunTime:0.000000s ]

[ 2017-09-20T00:07:14+08:00 ] ::1 /novel/Admin/Crawler/index.html
INFO: [ app_init ] --START--
INFO: Run Behavior\BuildLiteBehavior [ RunTime:0.000000s ]
INFO: [ app_init ] --END-- [ RunTime:0.000000s ]
NOTIC: [2] array_merge(): Argument #2 is not an array E:\phpStudy\WWW\novel\ThinkPHP\Library\Think\Hook.class.php 第 55 行.
NOTIC: [2] array_merge(): Argument #2 is not an array E:\phpStudy\WWW\novel\ThinkPHP\Library\Think\Hook.class.php 第 55 行.
NOTIC: [2] array_merge(): Argument #2 is not an array E:\phpStudy\WWW\novel\ThinkPHP\Library\Think\Hook.class.php 第 55 行.
NOTIC: [2] array_merge(): Argument #2 is not an array E:\phpStudy\WWW\novel\ThinkPHP\Library\Think\Hook.class.php 第 55 行.
INFO: [ app_begin ] --START--
INFO: Run Behavior\ReadHtmlCacheBehavior [ RunTime:0.000000s ]
INFO: [ app_begin ] --END-- [ RunTime:0.000000s ]
SQL: SHOW COLUMNS FROM `sky_category` [ RunTime:0.0200s ]
INFO: [ view_parse ] --START--
INFO: [ template_filter ] --START--
INFO: Run Behavior\ContentReplaceBehavior [ RunTime:0.000000s ]
INFO: [ template_filter ] --END-- [ RunTime:0.000000s ]
INFO: Run Behavior\ParseTemplateBehavior [ RunTime:0.020000s ]
INFO: [ view_parse ] --END-- [ RunTime:0.020000s ]
INFO: [ view_filter ] --START--
INFO: Run Behavior\WriteHtmlCacheBehavior [ RunTime:0.000000s ]
INFO: Run Behavior\TokenBuildBehavior [ RunTime:0.000000s ]
INFO: [ view_filter ] --END-- [ RunTime:0.000000s ]
INFO: [ app_end ] --START--
INFO: Run Behavior\ShowPageTraceBehavior [ RunTime:0.000000s ]
INFO: [ app_end ] --END-- [ RunTime:0.000000s ]

[ 2017-09-20T00:07:29+08:00 ] ::1 /novel/Admin/Crawler/index.html
INFO: [ app_init ] --START--
INFO: Run Behavior\BuildLiteBehavior [ RunTime:0.000000s ]
INFO: [ app_init ] --END-- [ RunTime:0.000000s ]
NOTIC: [2] array_merge(): Argument #2 is not an array E:\phpStudy\WWW\novel\ThinkPHP\Library\Think\Hook.class.php 第 55 行.
NOTIC: [2] array_merge(): Argument #2 is not an array E:\phpStudy\WWW\novel\ThinkPHP\Library\Think\Hook.class.php 第 55 行.
NOTIC: [2] array_merge(): Argument #2 is not an array E:\phpStudy\WWW\novel\ThinkPHP\Library\Think\Hook.class.php 第 55 行.
NOTIC: [2] array_merge(): Argument #2 is not an array E:\phpStudy\WWW\novel\ThinkPHP\Library\Think\Hook.class.php 第 55 行.
INFO: [ app_begin ] --START--
INFO: Run Behavior\ReadHtmlCacheBehavior [ RunTime:0.000000s ]
INFO: [ app_begin ] --END-- [ RunTime:0.000000s ]
SQL: SHOW COLUMNS FROM `sky_category` [ RunTime:0.0000s ]
INFO: [ view_parse ] --START--
INFO: [ template_filter ] --START--
INFO: Run Behavior\ContentReplaceBehavior [ RunTime:0.000000s ]
INFO: [ template_filter ] --END-- [ RunTime:0.000000s ]
INFO: Run Behavior\ParseTemplateBehavior [ RunTime:0.010000s ]
INFO: [ view_parse ] --END-- [ RunTime:0.010000s ]
INFO: [ view_filter ] --START--
INFO: Run Behavior\WriteHtmlCacheBehavior [ RunTime:0.000000s ]
INFO: Run Behavior\TokenBuildBehavior [ RunTime:0.000000s ]
INFO: [ view_filter ] --END-- [ RunTime:0.000000s ]
INFO: [ app_end ] --START--
INFO: Run Behavior\ShowPageTraceBehavior [ RunTime:0.000000s ]
INFO: [ app_end ] --END-- [ RunTime:0.000000s ]

[ 2017-09-20T00:07:49+08:00 ] ::1 /novel/Admin/Crawler/index.html
INFO: [ app_init ] --START--
INFO: Run Behavior\BuildLiteBehavior [ RunTime:0.000000s ]
INFO: [ app_init ] --END-- [ RunTime:0.000000s ]
NOTIC: [2] array_merge(): Argument #2 is not an array E:\phpStudy\WWW\novel\ThinkPHP\Library\Think\Hook.class.php 第 55 行.
NOTIC: [2] array_merge(): Argument #2 is not an array E:\phpStudy\WWW\novel\ThinkPHP\Library\Think\Hook.class.php 第 55 行.
NOTIC: [2] array_merge(): Argument #2 is not an array E:\phpStudy\WWW\novel\ThinkPHP\Library\Think\Hook.class.php 第 55 行.
NOTIC: [2] array_merge(): Argument #2 is not an array E:\phpStudy\WWW\novel\ThinkPHP\Library\Think\Hook.class.php 第 55 行.
INFO: [ app_begin ] --START--
INFO: Run Behavior\ReadHtmlCacheBehavior [ RunTime:0.000000s ]
INFO: [ app_begin ] --END-- [ RunTime:0.000000s ]
SQL: SHOW COLUMNS FROM `sky_category` [ RunTime:0.0100s ]
INFO: [ view_parse ] --START--
INFO: [ template_filter ] --START--
INFO: Run Behavior\ContentReplaceBehavior [ RunTime:0.000000s ]
INFO: [ template_filter ] --END-- [ RunTime:0.000000s ]
INFO: Run Behavior\ParseTemplateBehavior [ RunTime:0.030000s ]
INFO: [ view_parse ] --END-- [ RunTime:0.030000s ]
INFO: [ view_filter ] --START--
INFO: Run Behavior\WriteHtmlCacheBehavior [ RunTime:0.000000s ]
INFO: Run Behavior\TokenBuildBehavior [ RunTime:0.000000s ]
INFO: [ view_filter ] --END-- [ RunTime:0.000000s ]
INFO: [ app_end ] --START--
INFO: Run Behavior\ShowPageTraceBehavior [ RunTime:0.000000s ]
INFO: [ app_end ] --END-- [ RunTime:0.000000s ]

[ 2017-09-20T00:08:28+08:00 ] ::1 /novel/Admin/Crawler/index.html
INFO: [ app_init ] --START--
INFO: Run Behavior\BuildLiteBehavior [ RunTime:0.000000s ]
INFO: [ app_init ] --END-- [ RunTime:0.000000s ]
NOTIC: [2] array_merge(): Argument #2 is not an array E:\phpStudy\WWW\novel\ThinkPHP\Library\Think\Hook.class.php 第 55 行.
NOTIC: [2] array_merge(): Argument #2 is not an array E:\phpStudy\WWW\novel\ThinkPHP\Library\Think\Hook.class.php 第 55 行.
NOTIC: [2] array_merge(): Argument #2 is not an array E:\phpStudy\WWW\novel\ThinkPHP\Library\Think\Hook.class.php 第 55 行.
NOTIC: [2] array_merge(): Argument #2 is not an array E:\phpStudy\WWW\novel\ThinkPHP\Library\Think\Hook.class.php 第 55 行.
INFO: [ app_begin ] --START--
INFO: Run Behavior\ReadHtmlCacheBehavior [ RunTime:0.000000s ]
INFO: [ app_begin ] --END-- [ RunTime:0.000000s ]
SQL: SHOW COLUMNS FROM `sky_category` [ RunTime:0.0200s ]
INFO: [ view_parse ] --START--
INFO: [ template_filter ] --START--
INFO: Run Behavior\ContentReplaceBehavior [ RunTime:0.000000s ]
INFO: [ template_filter ] --END-- [ RunTime:0.000000s ]
INFO: Run Behavior\ParseTemplateBehavior [ RunTime:0.010000s ]
INFO: [ view_parse ] --END-- [ RunTime:0.010000s ]
INFO: [ view_filter ] --START--
INFO: Run Behavior\WriteHtmlCacheBehavior [ RunTime:0.010000s ]
INFO: Run Behavior\TokenBuildBehavior [ RunTime:0.000000s ]
INFO: [ view_filter ] --END-- [ RunTime:0.010000s ]
INFO: [ app_end ] --START--
INFO: Run Behavior\ShowPageTraceBehavior [ RunTime:0.000000s ]
INFO: [ app_end ] --END-- [ RunTime:0.000000s ]

[ 2017-09-20T00:09:05+08:00 ] ::1 /novel/Admin/Crawler/index.html
INFO: [ app_init ] --START--
INFO: Run Behavior\BuildLiteBehavior [ RunTime:0.000000s ]
INFO: [ app_init ] --END-- [ RunTime:0.000000s ]
NOTIC: [2] array_merge(): Argument #2 is not an array E:\phpStudy\WWW\novel\ThinkPHP\Library\Think\Hook.class.php 第 55 行.
NOTIC: [2] array_merge(): Argument #2 is not an array E:\phpStudy\WWW\novel\ThinkPHP\Library\Think\Hook.class.php 第 55 行.
NOTIC: [2] array_merge(): Argument #2 is not an array E:\phpStudy\WWW\novel\ThinkPHP\Library\Think\Hook.class.php 第 55 行.
NOTIC: [2] array_merge(): Argument #2 is not an array E:\phpStudy\WWW\novel\ThinkPHP\Library\Think\Hook.class.php 第 55 行.
INFO: [ app_begin ] --START--
INFO: Run Behavior\ReadHtmlCacheBehavior [ RunTime:0.000000s ]
INFO: [ app_begin ] --END-- [ RunTime:0.000000s ]
SQL: SHOW COLUMNS FROM `sky_category` [ RunTime:0.0000s ]
INFO: [ view_parse ] --START--
INFO: [ template_filter ] --START--
INFO: Run Behavior\ContentReplaceBehavior [ RunTime:0.000000s ]
INFO: [ template_filter ] --END-- [ RunTime:0.000000s ]
INFO: Run Behavior\ParseTemplateBehavior [ RunTime:0.010000s ]
INFO: [ view_parse ] --END-- [ RunTime:0.010000s ]
INFO: [ view_filter ] --START--
INFO: Run Behavior\WriteHtmlCacheBehavior [ RunTime:0.000000s ]
INFO: Run Behavior\TokenBuildBehavior [ RunTime:0.000000s ]
INFO: [ view_filter ] --END-- [ RunTime:0.000000s ]
INFO: [ app_end ] --START--
INFO: Run Behavior\ShowPageTraceBehavior [ RunTime:0.000000s ]
INFO: [ app_end ] --END-- [ RunTime:0.000000s ]

[ 2017-09-20T00:09:41+08:00 ] ::1 /novel/Admin/Crawler/index.html
INFO: [ app_init ] --START--
INFO: Run Behavior\BuildLiteBehavior [ RunTime:0.000000s ]
INFO: [ app_init ] --END-- [ RunTime:0.000000s ]
NOTIC: [2] array_merge(): Argument #2 is not an array E:\phpStudy\WWW\novel\ThinkPHP\Library\Think\Hook.class.php 第 55 行.
NOTIC: [2] array_merge(): Argument #2 is not an array E:\phpStudy\WWW\novel\ThinkPHP\Library\Think\Hook.class.php 第 55 行.
NOTIC: [2] array_merge(): Argument #2 is not an array E:\phpStudy\WWW\novel\ThinkPHP\Library\Think\Hook.class.php 第 55 行.
NOTIC: [2] array_merge(): Argument #2 is not an array E:\phpStudy\WWW\novel\ThinkPHP\Library\Think\Hook.class.php 第 55 行.
INFO: [ app_begin ] --START--
INFO: Run Behavior\ReadHtmlCacheBehavior [ RunTime:0.000000s ]
INFO: [ app_begin ] --END-- [ RunTime:0.000000s ]
SQL: SHOW COLUMNS FROM `sky_category` [ RunTime:0.0200s ]
INFO: [ view_parse ] --START--
INFO: [ template_filter ] --START--
INFO: Run Behavior\ContentReplaceBehavior [ RunTime:0.000000s ]
INFO: [ template_filter ] --END-- [ RunTime:0.000000s ]
INFO: Run Behavior\ParseTemplateBehavior [ RunTime:0.020000s ]
INFO: [ view_parse ] --END-- [ RunTime:0.020000s ]
INFO: [ view_filter ] --START--
INFO: Run Behavior\WriteHtmlCacheBehavior [ RunTime:0.000000s ]
INFO: Run Behavior\TokenBuildBehavior [ RunTime:0.000000s ]
INFO: [ view_filter ] --END-- [ RunTime:0.000000s ]
INFO: [ app_end ] --START--
INFO: Run Behavior\ShowPageTraceBehavior [ RunTime:0.000000s ]
INFO: [ app_end ] --END-- [ RunTime:0.000000s ]

[ 2017-09-20T00:10:05+08:00 ] ::1 /novel/Admin/Crawler/index.html
INFO: [ app_init ] --START--
INFO: Run Behavior\BuildLiteBehavior [ RunTime:0.000000s ]
INFO: [ app_init ] --END-- [ RunTime:0.000000s ]
NOTIC: [2] array_merge(): Argument #2 is not an array E:\phpStudy\WWW\novel\ThinkPHP\Library\Think\Hook.class.php 第 55 行.
NOTIC: [2] array_merge(): Argument #2 is not an array E:\phpStudy\WWW\novel\ThinkPHP\Library\Think\Hook.class.php 第 55 行.
NOTIC: [2] array_merge(): Argument #2 is not an array E:\phpStudy\WWW\novel\ThinkPHP\Library\Think\Hook.class.php 第 55 行.
NOTIC: [2] array_merge(): Argument #2 is not an array E:\phpStudy\WWW\novel\ThinkPHP\Library\Think\Hook.class.php 第 55 行.
INFO: [ app_begin ] --START--
INFO: Run Behavior\ReadHtmlCacheBehavior [ RunTime:0.000000s ]
INFO: [ app_begin ] --END-- [ RunTime:0.000000s ]
SQL: SHOW COLUMNS FROM `sky_category` [ RunTime:0.0000s ]
INFO: [ view_parse ] --START--
INFO: [ template_filter ] --START--
INFO: Run Behavior\ContentReplaceBehavior [ RunTime:0.000000s ]
INFO: [ template_filter ] --END-- [ RunTime:0.000000s ]
INFO: Run Behavior\ParseTemplateBehavior [ RunTime:0.010001s ]
INFO: [ view_parse ] --END-- [ RunTime:0.010001s ]
INFO: [ view_filter ] --START--
INFO: Run Behavior\WriteHtmlCacheBehavior [ RunTime:0.000000s ]
INFO: Run Behavior\TokenBuildBehavior [ RunTime:0.000000s ]
INFO: [ view_filter ] --END-- [ RunTime:0.000000s ]
INFO: [ app_end ] --START--
INFO: Run Behavior\ShowPageTraceBehavior [ RunTime:0.000000s ]
INFO: [ app_end ] --END-- [ RunTime:0.000000s ]

[ 2017-09-20T00:10:10+08:00 ] ::1 /novel/Admin/Crawler/index.html
INFO: [ app_init ] --START--
INFO: Run Behavior\BuildLiteBehavior [ RunTime:0.000000s ]
INFO: [ app_init ] --END-- [ RunTime:0.001000s ]
NOTIC: [2] array_merge(): Argument #2 is not an array E:\phpStudy\WWW\novel\ThinkPHP\Library\Think\Hook.class.php 第 55 行.
NOTIC: [2] array_merge(): Argument #2 is not an array E:\phpStudy\WWW\novel\ThinkPHP\Library\Think\Hook.class.php 第 55 行.
NOTIC: [2] array_merge(): Argument #2 is not an array E:\phpStudy\WWW\novel\ThinkPHP\Library\Think\Hook.class.php 第 55 行.
NOTIC: [2] array_merge(): Argument #2 is not an array E:\phpStudy\WWW\novel\ThinkPHP\Library\Think\Hook.class.php 第 55 行.
INFO: [ app_begin ] --START--
INFO: Run Behavior\ReadHtmlCacheBehavior [ RunTime:0.001000s ]
INFO: [ app_begin ] --END-- [ RunTime:0.001000s ]
SQL: SHOW COLUMNS FROM `sky_category` [ RunTime:0.0070s ]
INFO: [ view_parse ] --START--
INFO: [ template_filter ] --START--
INFO: Run Behavior\ContentReplaceBehavior [ RunTime:0.000000s ]
INFO: [ template_filter ] --END-- [ RunTime:0.000000s ]
INFO: Run Behavior\ParseTemplateBehavior [ RunTime:0.009000s ]
INFO: [ view_parse ] --END-- [ RunTime:0.009000s ]
INFO: [ view_filter ] --START--
INFO: Run Behavior\WriteHtmlCacheBehavior [ RunTime:0.000000s ]
INFO: Run Behavior\TokenBuildBehavior [ RunTime:0.001000s ]
INFO: [ view_filter ] --END-- [ RunTime:0.001000s ]
INFO: [ app_end ] --START--
INFO: Run Behavior\ShowPageTraceBehavior [ RunTime:0.000000s ]
INFO: [ app_end ] --END-- [ RunTime:0.000000s ]

[ 2017-09-20T00:10:25+08:00 ] ::1 /novel/Admin/Crawler/index.html
INFO: [ app_init ] --START--
INFO: Run Behavior\BuildLiteBehavior [ RunTime:0.000000s ]
INFO: [ app_init ] --END-- [ RunTime:0.000000s ]
NOTIC: [2] array_merge(): Argument #2 is not an array E:\phpStudy\WWW\novel\ThinkPHP\Library\Think\Hook.class.php 第 55 行.
NOTIC: [2] array_merge(): Argument #2 is not an array E:\phpStudy\WWW\novel\ThinkPHP\Library\Think\Hook.class.php 第 55 行.
NOTIC: [2] array_merge(): Argument #2 is not an array E:\phpStudy\WWW\novel\ThinkPHP\Library\Think\Hook.class.php 第 55 行.
NOTIC: [2] array_merge(): Argument #2 is not an array E:\phpStudy\WWW\novel\ThinkPHP\Library\Think\Hook.class.php 第 55 行.
INFO: [ app_begin ] --START--
INFO: Run Behavior\ReadHtmlCacheBehavior [ RunTime:0.000000s ]
INFO: [ app_begin ] --END-- [ RunTime:0.000000s ]
SQL: SHOW COLUMNS FROM `sky_category` [ RunTime:0.0000s ]
INFO: [ view_parse ] --START--
INFO: [ template_filter ] --START--
INFO: Run Behavior\ContentReplaceBehavior [ RunTime:0.000000s ]
INFO: [ template_filter ] --END-- [ RunTime:0.000000s ]
INFO: Run Behavior\ParseTemplateBehavior [ RunTime:0.010000s ]
INFO: [ view_parse ] --END-- [ RunTime:0.010000s ]
INFO: [ view_filter ] --START--
INFO: Run Behavior\WriteHtmlCacheBehavior [ RunTime:0.000000s ]
INFO: Run Behavior\TokenBuildBehavior [ RunTime:0.000000s ]
INFO: [ view_filter ] --END-- [ RunTime:0.000000s ]
INFO: [ app_end ] --START--
INFO: Run Behavior\ShowPageTraceBehavior [ RunTime:0.000000s ]
INFO: [ app_end ] --END-- [ RunTime:0.000000s ]

[ 2017-09-20T00:10:36+08:00 ] ::1 /novel/Admin/Crawler/index.html
INFO: [ app_init ] --START--
INFO: Run Behavior\BuildLiteBehavior [ RunTime:0.000000s ]
INFO: [ app_init ] --END-- [ RunTime:0.000000s ]
NOTIC: [2] array_merge(): Argument #2 is not an array E:\phpStudy\WWW\novel\ThinkPHP\Library\Think\Hook.class.php 第 55 行.
NOTIC: [2] array_merge(): Argument #2 is not an array E:\phpStudy\WWW\novel\ThinkPHP\Library\Think\Hook.class.php 第 55 行.
NOTIC: [2] array_merge(): Argument #2 is not an array E:\phpStudy\WWW\novel\ThinkPHP\Library\Think\Hook.class.php 第 55 行.
NOTIC: [2] array_merge(): Argument #2 is not an array E:\phpStudy\WWW\novel\ThinkPHP\Library\Think\Hook.class.php 第 55 行.
INFO: [ app_begin ] --START--
INFO: Run Behavior\ReadHtmlCacheBehavior [ RunTime:0.000000s ]
INFO: [ app_begin ] --END-- [ RunTime:0.000000s ]
SQL: SHOW COLUMNS FROM `sky_category` [ RunTime:0.6210s ]
INFO: [ view_parse ] --START--
INFO: [ template_filter ] --START--
INFO: Run Behavior\ContentReplaceBehavior [ RunTime:0.000000s ]
INFO: [ template_filter ] --END-- [ RunTime:0.000000s ]
INFO: Run Behavior\ParseTemplateBehavior [ RunTime:0.017001s ]
INFO: [ view_parse ] --END-- [ RunTime:0.017001s ]
INFO: [ view_filter ] --START--
INFO: Run Behavior\WriteHtmlCacheBehavior [ RunTime:0.001000s ]
INFO: Run Behavior\TokenBuildBehavior [ RunTime:0.000000s ]
INFO: [ view_filter ] --END-- [ RunTime:0.001000s ]
INFO: [ app_end ] --START--
INFO: Run Behavior\ShowPageTraceBehavior [ RunTime:0.000000s ]
INFO: [ app_end ] --END-- [ RunTime:0.000000s ]

[ 2017-09-20T00:12:01+08:00 ] ::1 /novel/Admin/Crawler/index.html
INFO: [ app_init ] --START--
INFO: Run Behavior\BuildLiteBehavior [ RunTime:0.000000s ]
INFO: [ app_init ] --END-- [ RunTime:0.000000s ]
NOTIC: [2] array_merge(): Argument #2 is not an array E:\phpStudy\WWW\novel\ThinkPHP\Library\Think\Hook.class.php 第 55 行.
NOTIC: [2] array_merge(): Argument #2 is not an array E:\phpStudy\WWW\novel\ThinkPHP\Library\Think\Hook.class.php 第 55 行.
NOTIC: [2] array_merge(): Argument #2 is not an array E:\phpStudy\WWW\novel\ThinkPHP\Library\Think\Hook.class.php 第 55 行.
NOTIC: [2] array_merge(): Argument #2 is not an array E:\phpStudy\WWW\novel\ThinkPHP\Library\Think\Hook.class.php 第 55 行.
INFO: [ app_begin ] --START--
INFO: Run Behavior\ReadHtmlCacheBehavior [ RunTime:0.000000s ]
INFO: [ app_begin ] --END-- [ RunTime:0.000000s ]
SQL: SHOW COLUMNS FROM `sky_category` [ RunTime:0.0000s ]
INFO: [ view_parse ] --START--
INFO: [ template_filter ] --START--
INFO: Run Behavior\ContentReplaceBehavior [ RunTime:0.000000s ]
INFO: [ template_filter ] --END-- [ RunTime:0.000000s ]
INFO: Run Behavior\ParseTemplateBehavior [ RunTime:0.010000s ]
INFO: [ view_parse ] --END-- [ RunTime:0.010000s ]
INFO: [ view_filter ] --START--
INFO: Run Behavior\WriteHtmlCacheBehavior [ RunTime:0.000000s ]
INFO: Run Behavior\TokenBuildBehavior [ RunTime:0.000000s ]
INFO: [ view_filter ] --END-- [ RunTime:0.000000s ]
INFO: [ app_end ] --START--
INFO: Run Behavior\ShowPageTraceBehavior [ RunTime:0.000000s ]
INFO: [ app_end ] --END-- [ RunTime:0.000000s ]

[ 2017-09-20T00:12:31+08:00 ] ::1 /novel/Admin/Crawler/index.html
INFO: [ app_init ] --START--
INFO: Run Behavior\BuildLiteBehavior [ RunTime:0.000000s ]
INFO: [ app_init ] --END-- [ RunTime:0.000000s ]
NOTIC: [2] array_merge(): Argument #2 is not an array E:\phpStudy\WWW\novel\ThinkPHP\Library\Think\Hook.class.php 第 55 行.
NOTIC: [2] array_merge(): Argument #2 is not an array E:\phpStudy\WWW\novel\ThinkPHP\Library\Think\Hook.class.php 第 55 行.
NOTIC: [2] array_merge(): Argument #2 is not an array E:\phpStudy\WWW\novel\ThinkPHP\Library\Think\Hook.class.php 第 55 行.
NOTIC: [2] array_merge(): Argument #2 is not an array E:\phpStudy\WWW\novel\ThinkPHP\Library\Think\Hook.class.php 第 55 行.
INFO: [ app_begin ] --START--
INFO: Run Behavior\ReadHtmlCacheBehavior [ RunTime:0.000000s ]
INFO: [ app_begin ] --END-- [ RunTime:0.000000s ]
SQL: SHOW COLUMNS FROM `sky_category` [ RunTime:0.0000s ]
INFO: [ view_parse ] --START--
INFO: [ template_filter ] --START--
INFO: Run Behavior\ContentReplaceBehavior [ RunTime:0.000000s ]
INFO: [ template_filter ] --END-- [ RunTime:0.000000s ]
INFO: Run Behavior\ParseTemplateBehavior [ RunTime:0.010000s ]
INFO: [ view_parse ] --END-- [ RunTime:0.010000s ]
INFO: [ view_filter ] --START--
INFO: Run Behavior\WriteHtmlCacheBehavior [ RunTime:0.000000s ]
INFO: Run Behavior\TokenBuildBehavior [ RunTime:0.000000s ]
INFO: [ view_filter ] --END-- [ RunTime:0.000000s ]
INFO: [ app_end ] --START--
INFO: Run Behavior\ShowPageTraceBehavior [ RunTime:0.000000s ]
INFO: [ app_end ] --END-- [ RunTime:0.000000s ]

[ 2017-09-20T00:12:51+08:00 ] ::1 /novel/Admin/Crawler/index.html
INFO: [ app_init ] --START--
INFO: Run Behavior\BuildLiteBehavior [ RunTime:0.000000s ]
INFO: [ app_init ] --END-- [ RunTime:0.000000s ]
NOTIC: [2] array_merge(): Argument #2 is not an array E:\phpStudy\WWW\novel\ThinkPHP\Library\Think\Hook.class.php 第 55 行.
NOTIC: [2] array_merge(): Argument #2 is not an array E:\phpStudy\WWW\novel\ThinkPHP\Library\Think\Hook.class.php 第 55 行.
NOTIC: [2] array_merge(): Argument #2 is not an array E:\phpStudy\WWW\novel\ThinkPHP\Library\Think\Hook.class.php 第 55 行.
NOTIC: [2] array_merge(): Argument #2 is not an array E:\phpStudy\WWW\novel\ThinkPHP\Library\Think\Hook.class.php 第 55 行.
INFO: [ app_begin ] --START--
INFO: Run Behavior\ReadHtmlCacheBehavior [ RunTime:0.000000s ]
INFO: [ app_begin ] --END-- [ RunTime:0.000000s ]
SQL: SHOW COLUMNS FROM `sky_category` [ RunTime:0.0000s ]
INFO: [ view_parse ] --START--
INFO: [ template_filter ] --START--
INFO: Run Behavior\ContentReplaceBehavior [ RunTime:0.000000s ]
INFO: [ template_filter ] --END-- [ RunTime:0.000000s ]
INFO: Run Behavior\ParseTemplateBehavior [ RunTime:0.010000s ]
INFO: [ view_parse ] --END-- [ RunTime:0.010000s ]
INFO: [ view_filter ] --START--
INFO: Run Behavior\WriteHtmlCacheBehavior [ RunTime:0.000000s ]
INFO: Run Behavior\TokenBuildBehavior [ RunTime:0.000000s ]
INFO: [ view_filter ] --END-- [ RunTime:0.000000s ]
INFO: [ app_end ] --START--
INFO: Run Behavior\ShowPageTraceBehavior [ RunTime:0.000000s ]
INFO: [ app_end ] --END-- [ RunTime:0.000000s ]

[ 2017-09-20T00:13:39+08:00 ] ::1 /novel/Admin/Crawler/index.html
INFO: [ app_init ] --START--
INFO: Run Behavior\BuildLiteBehavior [ RunTime:0.000000s ]
INFO: [ app_init ] --END-- [ RunTime:0.000000s ]
NOTIC: [2] array_merge(): Argument #2 is not an array E:\phpStudy\WWW\novel\ThinkPHP\Library\Think\Hook.class.php 第 55 行.
NOTIC: [2] array_merge(): Argument #2 is not an array E:\phpStudy\WWW\novel\ThinkPHP\Library\Think\Hook.class.php 第 55 行.
NOTIC: [2] array_merge(): Argument #2 is not an array E:\phpStudy\WWW\novel\ThinkPHP\Library\Think\Hook.class.php 第 55 行.
NOTIC: [2] array_merge(): Argument #2 is not an array E:\phpStudy\WWW\novel\ThinkPHP\Library\Think\Hook.class.php 第 55 行.
INFO: [ app_begin ] --START--
INFO: Run Behavior\ReadHtmlCacheBehavior [ RunTime:0.010000s ]
INFO: [ app_begin ] --END-- [ RunTime:0.010000s ]
SQL: SHOW COLUMNS FROM `sky_category` [ RunTime:0.0000s ]
INFO: [ view_parse ] --START--
INFO: [ template_filter ] --START--
INFO: Run Behavior\ContentReplaceBehavior [ RunTime:0.000000s ]
INFO: [ template_filter ] --END-- [ RunTime:0.000000s ]
INFO: Run Behavior\ParseTemplateBehavior [ RunTime:0.010000s ]
INFO: [ view_parse ] --END-- [ RunTime:0.010000s ]
INFO: [ view_filter ] --START--
INFO: Run Behavior\WriteHtmlCacheBehavior [ RunTime:0.000000s ]
INFO: Run Behavior\TokenBuildBehavior [ RunTime:0.000000s ]
INFO: [ view_filter ] --END-- [ RunTime:0.000000s ]
INFO: [ app_end ] --START--
INFO: Run Behavior\ShowPageTraceBehavior [ RunTime:0.000000s ]
INFO: [ app_end ] --END-- [ RunTime:0.000000s ]

[ 2017-09-20T00:13:47+08:00 ] ::1 /novel/Admin/Crawler/index.html
INFO: [ app_init ] --START--
INFO: Run Behavior\BuildLiteBehavior [ RunTime:0.000000s ]
INFO: [ app_init ] --END-- [ RunTime:0.001000s ]
NOTIC: [2] array_merge(): Argument #2 is not an array E:\phpStudy\WWW\novel\ThinkPHP\Library\Think\Hook.class.php 第 55 行.
NOTIC: [2] array_merge(): Argument #2 is not an array E:\phpStudy\WWW\novel\ThinkPHP\Library\Think\Hook.class.php 第 55 行.
NOTIC: [2] array_merge(): Argument #2 is not an array E:\phpStudy\WWW\novel\ThinkPHP\Library\Think\Hook.class.php 第 55 行.
NOTIC: [2] array_merge(): Argument #2 is not an array E:\phpStudy\WWW\novel\ThinkPHP\Library\Think\Hook.class.php 第 55 行.
INFO: [ app_begin ] --START--
INFO: Run Behavior\ReadHtmlCacheBehavior [ RunTime:0.001000s ]
INFO: [ app_begin ] --END-- [ RunTime:0.001000s ]
SQL: SHOW COLUMNS FROM `sky_category` [ RunTime:0.0020s ]
INFO: [ view_parse ] --START--
INFO: [ template_filter ] --START--
INFO: Run Behavior\ContentReplaceBehavior [ RunTime:0.000000s ]
INFO: [ template_filter ] --END-- [ RunTime:0.000000s ]
INFO: Run Behavior\ParseTemplateBehavior [ RunTime:0.010000s ]
INFO: [ view_parse ] --END-- [ RunTime:0.010000s ]
INFO: [ view_filter ] --START--
INFO: Run Behavior\WriteHtmlCacheBehavior [ RunTime:0.000000s ]
INFO: Run Behavior\TokenBuildBehavior [ RunTime:0.000000s ]
INFO: [ view_filter ] --END-- [ RunTime:0.000000s ]
INFO: [ app_end ] --START--
INFO: Run Behavior\ShowPageTraceBehavior [ RunTime:0.001000s ]
INFO: [ app_end ] --END-- [ RunTime:0.001000s ]

[ 2017-09-20T00:14:12+08:00 ] ::1 /novel/Admin/Crawler/index.html
INFO: [ app_init ] --START--
INFO: Run Behavior\BuildLiteBehavior [ RunTime:0.000000s ]
INFO: [ app_init ] --END-- [ RunTime:0.000000s ]
NOTIC: [2] array_merge(): Argument #2 is not an array E:\phpStudy\WWW\novel\ThinkPHP\Library\Think\Hook.class.php 第 55 行.
NOTIC: [2] array_merge(): Argument #2 is not an array E:\phpStudy\WWW\novel\ThinkPHP\Library\Think\Hook.class.php 第 55 行.
NOTIC: [2] array_merge(): Argument #2 is not an array E:\phpStudy\WWW\novel\ThinkPHP\Library\Think\Hook.class.php 第 55 行.
NOTIC: [2] array_merge(): Argument #2 is not an array E:\phpStudy\WWW\novel\ThinkPHP\Library\Think\Hook.class.php 第 55 行.
INFO: [ app_begin ] --START--
INFO: Run Behavior\ReadHtmlCacheBehavior [ RunTime:0.000000s ]
INFO: [ app_begin ] --END-- [ RunTime:0.000000s ]
SQL: SHOW COLUMNS FROM `sky_category` [ RunTime:0.0000s ]
INFO: [ view_parse ] --START--
INFO: [ template_filter ] --START--
INFO: Run Behavior\ContentReplaceBehavior [ RunTime:0.000000s ]
INFO: [ template_filter ] --END-- [ RunTime:0.000000s ]
INFO: Run Behavior\ParseTemplateBehavior [ RunTime:0.010000s ]
INFO: [ view_parse ] --END-- [ RunTime:0.010000s ]
INFO: [ view_filter ] --START--
INFO: Run Behavior\WriteHtmlCacheBehavior [ RunTime:0.000000s ]
INFO: Run Behavior\TokenBuildBehavior [ RunTime:0.000000s ]
INFO: [ view_filter ] --END-- [ RunTime:0.000000s ]
INFO: [ app_end ] --START--
INFO: Run Behavior\ShowPageTraceBehavior [ RunTime:0.000000s ]
INFO: [ app_end ] --END-- [ RunTime:0.000000s ]

[ 2017-09-20T00:14:16+08:00 ] ::1 /novel/Admin/Crawler/index.html
INFO: [ app_init ] --START--
INFO: Run Behavior\BuildLiteBehavior [ RunTime:0.000000s ]
INFO: [ app_init ] --END-- [ RunTime:0.000000s ]
NOTIC: [2] array_merge(): Argument #2 is not an array E:\phpStudy\WWW\novel\ThinkPHP\Library\Think\Hook.class.php 第 55 行.
NOTIC: [2] array_merge(): Argument #2 is not an array E:\phpStudy\WWW\novel\ThinkPHP\Library\Think\Hook.class.php 第 55 行.
NOTIC: [2] array_merge(): Argument #2 is not an array E:\phpStudy\WWW\novel\ThinkPHP\Library\Think\Hook.class.php 第 55 行.
NOTIC: [2] array_merge(): Argument #2 is not an array E:\phpStudy\WWW\novel\ThinkPHP\Library\Think\Hook.class.php 第 55 行.
INFO: [ app_begin ] --START--
INFO: Run Behavior\ReadHtmlCacheBehavior [ RunTime:0.001000s ]
INFO: [ app_begin ] --END-- [ RunTime:0.001000s ]
SQL: SHOW COLUMNS FROM `sky_category` [ RunTime:0.0020s ]
INFO: [ view_parse ] --START--
INFO: [ template_filter ] --START--
INFO: Run Behavior\ContentReplaceBehavior [ RunTime:0.000000s ]
INFO: [ template_filter ] --END-- [ RunTime:0.000000s ]
INFO: Run Behavior\ParseTemplateBehavior [ RunTime:0.008001s ]
INFO: [ view_parse ] --END-- [ RunTime:0.008001s ]
INFO: [ view_filter ] --START--
INFO: Run Behavior\WriteHtmlCacheBehavior [ RunTime:0.001000s ]
INFO: Run Behavior\TokenBuildBehavior [ RunTime:0.000000s ]
INFO: [ view_filter ] --END-- [ RunTime:0.001000s ]
INFO: [ app_end ] --START--
INFO: Run Behavior\ShowPageTraceBehavior [ RunTime:0.001000s ]
INFO: [ app_end ] --END-- [ RunTime:0.001000s ]

[ 2017-09-20T00:14:23+08:00 ] ::1 /novel/Admin/Crawler/index.html
INFO: [ app_init ] --START--
INFO: Run Behavior\BuildLiteBehavior [ RunTime:0.000000s ]
INFO: [ app_init ] --END-- [ RunTime:0.001000s ]
NOTIC: [2] array_merge(): Argument #2 is not an array E:\phpStudy\WWW\novel\ThinkPHP\Library\Think\Hook.class.php 第 55 行.
NOTIC: [2] array_merge(): Argument #2 is not an array E:\phpStudy\WWW\novel\ThinkPHP\Library\Think\Hook.class.php 第 55 行.
NOTIC: [2] array_merge(): Argument #2 is not an array E:\phpStudy\WWW\novel\ThinkPHP\Library\Think\Hook.class.php 第 55 行.
NOTIC: [2] array_merge(): Argument #2 is not an array E:\phpStudy\WWW\novel\ThinkPHP\Library\Think\Hook.class.php 第 55 行.
INFO: [ app_begin ] --START--
INFO: Run Behavior\ReadHtmlCacheBehavior [ RunTime:0.000000s ]
INFO: [ app_begin ] --END-- [ RunTime:0.000000s ]
SQL: SHOW COLUMNS FROM `sky_category` [ RunTime:0.0020s ]
INFO: [ view_parse ] --START--
INFO: [ template_filter ] --START--
INFO: Run Behavior\ContentReplaceBehavior [ RunTime:0.000000s ]
INFO: [ template_filter ] --END-- [ RunTime:0.000000s ]
INFO: Run Behavior\ParseTemplateBehavior [ RunTime:0.008000s ]
INFO: [ view_parse ] --END-- [ RunTime:0.008000s ]
INFO: [ view_filter ] --START--
INFO: Run Behavior\WriteHtmlCacheBehavior [ RunTime:0.000000s ]
INFO: Run Behavior\TokenBuildBehavior [ RunTime:0.000000s ]
INFO: [ view_filter ] --END-- [ RunTime:0.001000s ]
INFO: [ app_end ] --START--
INFO: Run Behavior\ShowPageTraceBehavior [ RunTime:0.000000s ]
INFO: [ app_end ] --END-- [ RunTime:0.000000s ]

[ 2017-09-20T00:14:46+08:00 ] ::1 /novel/Admin/Crawler/index.html
INFO: [ app_init ] --START--
INFO: Run Behavior\BuildLiteBehavior [ RunTime:0.000000s ]
INFO: [ app_init ] --END-- [ RunTime:0.000000s ]
NOTIC: [2] array_merge(): Argument #2 is not an array E:\phpStudy\WWW\novel\ThinkPHP\Library\Think\Hook.class.php 第 55 行.
NOTIC: [2] array_merge(): Argument #2 is not an array E:\phpStudy\WWW\novel\ThinkPHP\Library\Think\Hook.class.php 第 55 行.
NOTIC: [2] array_merge(): Argument #2 is not an array E:\phpStudy\WWW\novel\ThinkPHP\Library\Think\Hook.class.php 第 55 行.
NOTIC: [2] array_merge(): Argument #2 is not an array E:\phpStudy\WWW\novel\ThinkPHP\Library\Think\Hook.class.php 第 55 行.
INFO: [ app_begin ] --START--
INFO: Run Behavior\ReadHtmlCacheBehavior [ RunTime:0.000000s ]
INFO: [ app_begin ] --END-- [ RunTime:0.000000s ]
SQL: SHOW COLUMNS FROM `sky_category` [ RunTime:0.0000s ]
INFO: [ view_parse ] --START--
INFO: [ template_filter ] --START--
INFO: Run Behavior\ContentReplaceBehavior [ RunTime:0.000000s ]
INFO: [ template_filter ] --END-- [ RunTime:0.000000s ]
INFO: Run Behavior\ParseTemplateBehavior [ RunTime:0.020000s ]
INFO: [ view_parse ] --END-- [ RunTime:0.020000s ]
INFO: [ view_filter ] --START--
INFO: Run Behavior\WriteHtmlCacheBehavior [ RunTime:0.000000s ]
INFO: Run Behavior\TokenBuildBehavior [ RunTime:0.000000s ]
INFO: [ view_filter ] --END-- [ RunTime:0.000000s ]
INFO: [ app_end ] --START--
INFO: Run Behavior\ShowPageTraceBehavior [ RunTime:0.000000s ]
INFO: [ app_end ] --END-- [ RunTime:0.000000s ]

[ 2017-09-20T00:15:12+08:00 ] ::1 /novel/Admin/Crawler/index.html
INFO: [ app_init ] --START--
INFO: Run Behavior\BuildLiteBehavior [ RunTime:0.000000s ]
INFO: [ app_init ] --END-- [ RunTime:0.000000s ]
NOTIC: [2] array_merge(): Argument #2 is not an array E:\phpStudy\WWW\novel\ThinkPHP\Library\Think\Hook.class.php 第 55 行.
NOTIC: [2] array_merge(): Argument #2 is not an array E:\phpStudy\WWW\novel\ThinkPHP\Library\Think\Hook.class.php 第 55 行.
NOTIC: [2] array_merge(): Argument #2 is not an array E:\phpStudy\WWW\novel\ThinkPHP\Library\Think\Hook.class.php 第 55 行.
NOTIC: [2] array_merge(): Argument #2 is not an array E:\phpStudy\WWW\novel\ThinkPHP\Library\Think\Hook.class.php 第 55 行.
INFO: [ app_begin ] --START--
INFO: Run Behavior\ReadHtmlCacheBehavior [ RunTime:0.000000s ]
INFO: [ app_begin ] --END-- [ RunTime:0.000000s ]
SQL: SHOW COLUMNS FROM `sky_category` [ RunTime:0.0000s ]
INFO: [ view_parse ] --START--
INFO: [ template_filter ] --START--
INFO: Run Behavior\ContentReplaceBehavior [ RunTime:0.000000s ]
INFO: [ template_filter ] --END-- [ RunTime:0.000000s ]
INFO: Run Behavior\ParseTemplateBehavior [ RunTime:0.010000s ]
INFO: [ view_parse ] --END-- [ RunTime:0.010000s ]
INFO: [ view_filter ] --START--
INFO: Run Behavior\WriteHtmlCacheBehavior [ RunTime:0.000000s ]
INFO: Run Behavior\TokenBuildBehavior [ RunTime:0.000000s ]
INFO: [ view_filter ] --END-- [ RunTime:0.000000s ]
INFO: [ app_end ] --START--
INFO: Run Behavior\ShowPageTraceBehavior [ RunTime:0.000000s ]
INFO: [ app_end ] --END-- [ RunTime:0.000000s ]

[ 2017-09-20T00:15:57+08:00 ] ::1 /novel/Admin/Crawler/index.html
INFO: [ app_init ] --START--
INFO: Run Behavior\BuildLiteBehavior [ RunTime:0.000000s ]
INFO: [ app_init ] --END-- [ RunTime:0.000000s ]
NOTIC: [2] array_merge(): Argument #2 is not an array E:\phpStudy\WWW\novel\ThinkPHP\Library\Think\Hook.class.php 第 55 行.
NOTIC: [2] array_merge(): Argument #2 is not an array E:\phpStudy\WWW\novel\ThinkPHP\Library\Think\Hook.class.php 第 55 行.
NOTIC: [2] array_merge(): Argument #2 is not an array E:\phpStudy\WWW\novel\ThinkPHP\Library\Think\Hook.class.php 第 55 行.
NOTIC: [2] array_merge(): Argument #2 is not an array E:\phpStudy\WWW\novel\ThinkPHP\Library\Think\Hook.class.php 第 55 行.
INFO: [ app_begin ] --START--
INFO: Run Behavior\ReadHtmlCacheBehavior [ RunTime:0.000000s ]
INFO: [ app_begin ] --END-- [ RunTime:0.000000s ]
SQL: SHOW COLUMNS FROM `sky_category` [ RunTime:0.0100s ]
INFO: [ view_parse ] --START--
INFO: [ template_filter ] --START--
INFO: Run Behavior\ContentReplaceBehavior [ RunTime:0.000000s ]
INFO: [ template_filter ] --END-- [ RunTime:0.000000s ]
INFO: Run Behavior\ParseTemplateBehavior [ RunTime:0.010000s ]
INFO: [ view_parse ] --END-- [ RunTime:0.010000s ]
INFO: [ view_filter ] --START--
INFO: Run Behavior\WriteHtmlCacheBehavior [ RunTime:0.000000s ]
INFO: Run Behavior\TokenBuildBehavior [ RunTime:0.000000s ]
INFO: [ view_filter ] --END-- [ RunTime:0.000000s ]
INFO: [ app_end ] --START--
INFO: Run Behavior\ShowPageTraceBehavior [ RunTime:0.000000s ]
INFO: [ app_end ] --END-- [ RunTime:0.000000s ]

[ 2017-09-20T00:16:17+08:00 ] ::1 /novel/Admin/Crawler/index.html
INFO: [ app_init ] --START--
INFO: Run Behavior\BuildLiteBehavior [ RunTime:0.000000s ]
INFO: [ app_init ] --END-- [ RunTime:0.000000s ]
NOTIC: [2] array_merge(): Argument #2 is not an array E:\phpStudy\WWW\novel\ThinkPHP\Library\Think\Hook.class.php 第 55 行.
NOTIC: [2] array_merge(): Argument #2 is not an array E:\phpStudy\WWW\novel\ThinkPHP\Library\Think\Hook.class.php 第 55 行.
NOTIC: [2] array_merge(): Argument #2 is not an array E:\phpStudy\WWW\novel\ThinkPHP\Library\Think\Hook.class.php 第 55 行.
NOTIC: [2] array_merge(): Argument #2 is not an array E:\phpStudy\WWW\novel\ThinkPHP\Library\Think\Hook.class.php 第 55 行.
INFO: [ app_begin ] --START--
INFO: Run Behavior\ReadHtmlCacheBehavior [ RunTime:0.000000s ]
INFO: [ app_begin ] --END-- [ RunTime:0.000000s ]
SQL: SHOW COLUMNS FROM `sky_category` [ RunTime:0.0000s ]
INFO: [ view_parse ] --START--
INFO: [ template_filter ] --START--
INFO: Run Behavior\ContentReplaceBehavior [ RunTime:0.000000s ]
INFO: [ template_filter ] --END-- [ RunTime:0.000000s ]
INFO: Run Behavior\ParseTemplateBehavior [ RunTime:0.020000s ]
INFO: [ view_parse ] --END-- [ RunTime:0.020000s ]
INFO: [ view_filter ] --START--
INFO: Run Behavior\WriteHtmlCacheBehavior [ RunTime:0.000000s ]
INFO: Run Behavior\TokenBuildBehavior [ RunTime:0.000000s ]
INFO: [ view_filter ] --END-- [ RunTime:0.000000s ]
INFO: [ app_end ] --START--
INFO: Run Behavior\ShowPageTraceBehavior [ RunTime:0.000000s ]
INFO: [ app_end ] --END-- [ RunTime:0.000000s ]

[ 2017-09-20T00:17:24+08:00 ] ::1 /novel/Admin/Crawler/index.html
INFO: [ app_init ] --START--
INFO: Run Behavior\BuildLiteBehavior [ RunTime:0.000000s ]
INFO: [ app_init ] --END-- [ RunTime:0.000000s ]
NOTIC: [2] array_merge(): Argument #2 is not an array E:\phpStudy\WWW\novel\ThinkPHP\Library\Think\Hook.class.php 第 55 行.
NOTIC: [2] array_merge(): Argument #2 is not an array E:\phpStudy\WWW\novel\ThinkPHP\Library\Think\Hook.class.php 第 55 行.
NOTIC: [2] array_merge(): Argument #2 is not an array E:\phpStudy\WWW\novel\ThinkPHP\Library\Think\Hook.class.php 第 55 行.
NOTIC: [2] array_merge(): Argument #2 is not an array E:\phpStudy\WWW\novel\ThinkPHP\Library\Think\Hook.class.php 第 55 行.
INFO: [ app_begin ] --START--
INFO: Run Behavior\ReadHtmlCacheBehavior [ RunTime:0.000000s ]
INFO: [ app_begin ] --END-- [ RunTime:0.000000s ]
SQL: SHOW COLUMNS FROM `sky_category` [ RunTime:0.0000s ]
INFO: [ view_parse ] --START--
INFO: [ template_filter ] --START--
INFO: Run Behavior\ContentReplaceBehavior [ RunTime:0.000000s ]
INFO: [ template_filter ] --END-- [ RunTime:0.000000s ]
INFO: Run Behavior\ParseTemplateBehavior [ RunTime:0.010000s ]
INFO: [ view_parse ] --END-- [ RunTime:0.010000s ]
INFO: [ view_filter ] --START--
INFO: Run Behavior\WriteHtmlCacheBehavior [ RunTime:0.000000s ]
INFO: Run Behavior\TokenBuildBehavior [ RunTime:0.000000s ]
INFO: [ view_filter ] --END-- [ RunTime:0.000000s ]
INFO: [ app_end ] --START--
INFO: Run Behavior\ShowPageTraceBehavior [ RunTime:0.000000s ]
INFO: [ app_end ] --END-- [ RunTime:0.000000s ]

[ 2017-09-20T00:17:51+08:00 ] ::1 /novel/Admin/Crawler/index.html
INFO: [ app_init ] --START--
INFO: Run Behavior\BuildLiteBehavior [ RunTime:0.000000s ]
INFO: [ app_init ] --END-- [ RunTime:0.000000s ]
NOTIC: [2] array_merge(): Argument #2 is not an array E:\phpStudy\WWW\novel\ThinkPHP\Library\Think\Hook.class.php 第 55 行.
NOTIC: [2] array_merge(): Argument #2 is not an array E:\phpStudy\WWW\novel\ThinkPHP\Library\Think\Hook.class.php 第 55 行.
NOTIC: [2] array_merge(): Argument #2 is not an array E:\phpStudy\WWW\novel\ThinkPHP\Library\Think\Hook.class.php 第 55 行.
NOTIC: [2] array_merge(): Argument #2 is not an array E:\phpStudy\WWW\novel\ThinkPHP\Library\Think\Hook.class.php 第 55 行.
INFO: [ app_begin ] --START--
INFO: Run Behavior\ReadHtmlCacheBehavior [ RunTime:0.000000s ]
INFO: [ app_begin ] --END-- [ RunTime:0.000000s ]
SQL: SHOW COLUMNS FROM `sky_category` [ RunTime:0.0000s ]
INFO: [ view_parse ] --START--
INFO: [ template_filter ] --START--
INFO: Run Behavior\ContentReplaceBehavior [ RunTime:0.000000s ]
INFO: [ template_filter ] --END-- [ RunTime:0.000000s ]
INFO: Run Behavior\ParseTemplateBehavior [ RunTime:0.030001s ]
INFO: [ view_parse ] --END-- [ RunTime:0.030001s ]
INFO: [ view_filter ] --START--
INFO: Run Behavior\WriteHtmlCacheBehavior [ RunTime:0.000000s ]
INFO: Run Behavior\TokenBuildBehavior [ RunTime:0.000000s ]
INFO: [ view_filter ] --END-- [ RunTime:0.000000s ]
INFO: [ app_end ] --START--
INFO: Run Behavior\ShowPageTraceBehavior [ RunTime:0.000000s ]
INFO: [ app_end ] --END-- [ RunTime:0.000000s ]

[ 2017-09-20T00:17:54+08:00 ] ::1 /novel/Admin/Crawler/add.html
INFO: [ app_init ] --START--
INFO: Run Behavior\BuildLiteBehavior [ RunTime:0.000000s ]
INFO: [ app_init ] --END-- [ RunTime:0.000000s ]
NOTIC: [2] array_merge(): Argument #2 is not an array E:\phpStudy\WWW\novel\ThinkPHP\Library\Think\Hook.class.php 第 55 行.
NOTIC: [2] array_merge(): Argument #2 is not an array E:\phpStudy\WWW\novel\ThinkPHP\Library\Think\Hook.class.php 第 55 行.
NOTIC: [2] array_merge(): Argument #2 is not an array E:\phpStudy\WWW\novel\ThinkPHP\Library\Think\Hook.class.php 第 55 行.
NOTIC: [2] array_merge(): Argument #2 is not an array E:\phpStudy\WWW\novel\ThinkPHP\Library\Think\Hook.class.php 第 55 行.
INFO: [ app_begin ] --START--
INFO: Run Behavior\ReadHtmlCacheBehavior [ RunTime:0.001000s ]
INFO: [ app_begin ] --END-- [ RunTime:0.001000s ]
SQL: SHOW COLUMNS FROM `sky_category` [ RunTime:0.0040s ]
INFO: [ view_parse ] --START--
INFO: [ template_filter ] --START--
INFO: Run Behavior\ContentReplaceBehavior [ RunTime:0.000000s ]
INFO: [ template_filter ] --END-- [ RunTime:0.000000s ]
INFO: Run Behavior\ParseTemplateBehavior [ RunTime:0.016001s ]
INFO: [ view_parse ] --END-- [ RunTime:0.016001s ]
INFO: [ view_filter ] --START--
INFO: Run Behavior\WriteHtmlCacheBehavior [ RunTime:0.001000s ]
INFO: Run Behavior\TokenBuildBehavior [ RunTime:0.000000s ]
INFO: [ view_filter ] --END-- [ RunTime:0.001000s ]
INFO: [ app_end ] --START--
INFO: Run Behavior\ShowPageTraceBehavior [ RunTime:0.001000s ]
INFO: [ app_end ] --END-- [ RunTime:0.001000s ]

[ 2017-09-20T00:17:55+08:00 ] ::1 /novel/Admin/Crawler/add.html
INFO: [ app_init ] --START--
INFO: Run Behavior\BuildLiteBehavior [ RunTime:0.000000s ]
INFO: [ app_init ] --END-- [ RunTime:0.000000s ]
NOTIC: [2] array_merge(): Argument #2 is not an array E:\phpStudy\WWW\novel\ThinkPHP\Library\Think\Hook.class.php 第 55 行.
NOTIC: [2] array_merge(): Argument #2 is not an array E:\phpStudy\WWW\novel\ThinkPHP\Library\Think\Hook.class.php 第 55 行.
NOTIC: [2] array_merge(): Argument #2 is not an array E:\phpStudy\WWW\novel\ThinkPHP\Library\Think\Hook.class.php 第 55 行.
NOTIC: [2] array_merge(): Argument #2 is not an array E:\phpStudy\WWW\novel\ThinkPHP\Library\Think\Hook.class.php 第 55 行.
INFO: [ app_begin ] --START--
INFO: Run Behavior\ReadHtmlCacheBehavior [ RunTime:0.000000s ]
INFO: [ app_begin ] --END-- [ RunTime:0.000000s ]
SQL: SHOW COLUMNS FROM `sky_category` [ RunTime:0.0030s ]
INFO: [ view_parse ] --START--
INFO: [ template_filter ] --START--
INFO: Run Behavior\ContentReplaceBehavior [ RunTime:0.000000s ]
INFO: [ template_filter ] --END-- [ RunTime:0.000000s ]
INFO: Run Behavior\ParseTemplateBehavior [ RunTime:0.008000s ]
INFO: [ view_parse ] --END-- [ RunTime:0.008000s ]
INFO: [ view_filter ] --START--
INFO: Run Behavior\WriteHtmlCacheBehavior [ RunTime:0.000000s ]
INFO: Run Behavior\TokenBuildBehavior [ RunTime:0.001000s ]
INFO: [ view_filter ] --END-- [ RunTime:0.001000s ]
INFO: [ app_end ] --START--
INFO: Run Behavior\ShowPageTraceBehavior [ RunTime:0.000000s ]
INFO: [ app_end ] --END-- [ RunTime:0.000000s ]

[ 2017-09-20T00:17:57+08:00 ] ::1 /novel/Admin/Crawler/index.html
INFO: [ app_init ] --START--
INFO: Run Behavior\BuildLiteBehavior [ RunTime:0.000000s ]
INFO: [ app_init ] --END-- [ RunTime:0.001000s ]
NOTIC: [2] array_merge(): Argument #2 is not an array E:\phpStudy\WWW\novel\ThinkPHP\Library\Think\Hook.class.php 第 55 行.
NOTIC: [2] array_merge(): Argument #2 is not an array E:\phpStudy\WWW\novel\ThinkPHP\Library\Think\Hook.class.php 第 55 行.
NOTIC: [2] array_merge(): Argument #2 is not an array E:\phpStudy\WWW\novel\ThinkPHP\Library\Think\Hook.class.php 第 55 行.
NOTIC: [2] array_merge(): Argument #2 is not an array E:\phpStudy\WWW\novel\ThinkPHP\Library\Think\Hook.class.php 第 55 行.
INFO: [ app_begin ] --START--
INFO: Run Behavior\ReadHtmlCacheBehavior [ RunTime:0.000000s ]
INFO: [ app_begin ] --END-- [ RunTime:0.000000s ]
SQL: SHOW COLUMNS FROM `sky_category` [ RunTime:0.0030s ]
INFO: [ view_parse ] --START--
INFO: [ template_filter ] --START--
INFO: Run Behavior\ContentReplaceBehavior [ RunTime:0.000000s ]
INFO: [ template_filter ] --END-- [ RunTime:0.000000s ]
INFO: Run Behavior\ParseTemplateBehavior [ RunTime:0.009000s ]
INFO: [ view_parse ] --END-- [ RunTime:0.009000s ]
INFO: [ view_filter ] --START--
INFO: Run Behavior\WriteHtmlCacheBehavior [ RunTime:0.000000s ]
INFO: Run Behavior\TokenBuildBehavior [ RunTime:0.001000s ]
INFO: [ view_filter ] --END-- [ RunTime:0.001000s ]
INFO: [ app_end ] --START--
INFO: Run Behavior\ShowPageTraceBehavior [ RunTime:0.001000s ]
INFO: [ app_end ] --END-- [ RunTime:0.001000s ]

[ 2017-09-20T00:18:15+08:00 ] ::1 /novel/Admin/Crawler/add.html
INFO: [ app_init ] --START--
INFO: Run Behavior\BuildLiteBehavior [ RunTime:0.000000s ]
INFO: [ app_init ] --END-- [ RunTime:0.001000s ]
NOTIC: [2] array_merge(): Argument #2 is not an array E:\phpStudy\WWW\novel\ThinkPHP\Library\Think\Hook.class.php 第 55 行.
NOTIC: [2] array_merge(): Argument #2 is not an array E:\phpStudy\WWW\novel\ThinkPHP\Library\Think\Hook.class.php 第 55 行.
NOTIC: [2] array_merge(): Argument #2 is not an array E:\phpStudy\WWW\novel\ThinkPHP\Library\Think\Hook.class.php 第 55 行.
NOTIC: [2] array_merge(): Argument #2 is not an array E:\phpStudy\WWW\novel\ThinkPHP\Library\Think\Hook.class.php 第 55 行.
INFO: [ app_begin ] --START--
INFO: Run Behavior\ReadHtmlCacheBehavior [ RunTime:0.000000s ]
INFO: [ app_begin ] --END-- [ RunTime:0.000000s ]
SQL: SHOW COLUMNS FROM `sky_category` [ RunTime:0.0000s ]
INFO: [ view_parse ] --START--
INFO: [ template_filter ] --START--
INFO: Run Behavior\ContentReplaceBehavior [ RunTime:0.000000s ]
INFO: [ template_filter ] --END-- [ RunTime:0.000000s ]
INFO: Run Behavior\ParseTemplateBehavior [ RunTime:0.020001s ]
INFO: [ view_parse ] --END-- [ RunTime:0.020001s ]
INFO: [ view_filter ] --START--
INFO: Run Behavior\WriteHtmlCacheBehavior [ RunTime:0.000000s ]
INFO: Run Behavior\TokenBuildBehavior [ RunTime:0.000000s ]
INFO: [ view_filter ] --END-- [ RunTime:0.000000s ]
INFO: [ app_end ] --START--
INFO: Run Behavior\ShowPageTraceBehavior [ RunTime:0.000000s ]
INFO: [ app_end ] --END-- [ RunTime:0.000000s ]

[ 2017-09-20T00:20:29+08:00 ] ::1 /novel/Admin/Chapter/index.html
INFO: [ app_init ] --START--
INFO: Run Behavior\BuildLiteBehavior [ RunTime:0.000000s ]
INFO: [ app_init ] --END-- [ RunTime:0.000000s ]
NOTIC: [2] array_merge(): Argument #2 is not an array E:\phpStudy\WWW\novel\ThinkPHP\Library\Think\Hook.class.php 第 55 行.
NOTIC: [2] array_merge(): Argument #2 is not an array E:\phpStudy\WWW\novel\ThinkPHP\Library\Think\Hook.class.php 第 55 行.
NOTIC: [2] array_merge(): Argument #2 is not an array E:\phpStudy\WWW\novel\ThinkPHP\Library\Think\Hook.class.php 第 55 行.
NOTIC: [2] array_merge(): Argument #2 is not an array E:\phpStudy\WWW\novel\ThinkPHP\Library\Think\Hook.class.php 第 55 行.
INFO: [ app_begin ] --START--
INFO: Run Behavior\ReadHtmlCacheBehavior [ RunTime:0.001000s ]
INFO: [ app_begin ] --END-- [ RunTime:0.001000s ]
SQL: SHOW COLUMNS FROM `sky_category` [ RunTime:0.0000s ]
INFO: [ view_parse ] --START--
INFO: [ template_filter ] --START--
INFO: Run Behavior\ContentReplaceBehavior [ RunTime:0.000000s ]
INFO: [ template_filter ] --END-- [ RunTime:0.000000s ]
INFO: Run Behavior\ParseTemplateBehavior [ RunTime:0.020000s ]
INFO: [ view_parse ] --END-- [ RunTime:0.020000s ]
INFO: [ view_filter ] --START--
INFO: Run Behavior\WriteHtmlCacheBehavior [ RunTime:0.000000s ]
INFO: Run Behavior\TokenBuildBehavior [ RunTime:0.000000s ]
INFO: [ view_filter ] --END-- [ RunTime:0.000000s ]
INFO: [ app_end ] --START--
INFO: Run Behavior\ShowPageTraceBehavior [ RunTime:0.000000s ]
INFO: [ app_end ] --END-- [ RunTime:0.000000s ]

[ 2017-09-20T00:20:58+08:00 ] ::1 /novel/Admin/Chapter/index.html
INFO: [ app_init ] --START--
INFO: Run Behavior\BuildLiteBehavior [ RunTime:0.000000s ]
INFO: [ app_init ] --END-- [ RunTime:0.000000s ]
NOTIC: [2] array_merge(): Argument #2 is not an array E:\phpStudy\WWW\novel\ThinkPHP\Library\Think\Hook.class.php 第 55 行.
NOTIC: [2] array_merge(): Argument #2 is not an array E:\phpStudy\WWW\novel\ThinkPHP\Library\Think\Hook.class.php 第 55 行.
NOTIC: [2] array_merge(): Argument #2 is not an array E:\phpStudy\WWW\novel\ThinkPHP\Library\Think\Hook.class.php 第 55 行.
NOTIC: [2] array_merge(): Argument #2 is not an array E:\phpStudy\WWW\novel\ThinkPHP\Library\Think\Hook.class.php 第 55 行.
INFO: [ app_begin ] --START--
INFO: Run Behavior\ReadHtmlCacheBehavior [ RunTime:0.000000s ]
INFO: [ app_begin ] --END-- [ RunTime:0.000000s ]
SQL: SHOW COLUMNS FROM `sky_category` [ RunTime:0.0000s ]
INFO: [ view_parse ] --START--
INFO: [ template_filter ] --START--
INFO: Run Behavior\ContentReplaceBehavior [ RunTime:0.000000s ]
INFO: [ template_filter ] --END-- [ RunTime:0.000000s ]
INFO: Run Behavior\ParseTemplateBehavior [ RunTime:0.010000s ]
INFO: [ view_parse ] --END-- [ RunTime:0.010000s ]
INFO: [ view_filter ] --START--
INFO: Run Behavior\WriteHtmlCacheBehavior [ RunTime:0.000000s ]
INFO: Run Behavior\TokenBuildBehavior [ RunTime:0.000000s ]
INFO: [ view_filter ] --END-- [ RunTime:0.000000s ]
INFO: [ app_end ] --START--
INFO: Run Behavior\ShowPageTraceBehavior [ RunTime:0.010000s ]
INFO: [ app_end ] --END-- [ RunTime:0.010000s ]

[ 2017-09-20T00:21:05+08:00 ] ::1 /novel/Admin/Chapter/index.html
INFO: [ app_init ] --START--
INFO: Run Behavior\BuildLiteBehavior [ RunTime:0.000000s ]
INFO: [ app_init ] --END-- [ RunTime:0.000000s ]
NOTIC: [2] array_merge(): Argument #2 is not an array E:\phpStudy\WWW\novel\ThinkPHP\Library\Think\Hook.class.php 第 55 行.
NOTIC: [2] array_merge(): Argument #2 is not an array E:\phpStudy\WWW\novel\ThinkPHP\Library\Think\Hook.class.php 第 55 行.
NOTIC: [2] array_merge(): Argument #2 is not an array E:\phpStudy\WWW\novel\ThinkPHP\Library\Think\Hook.class.php 第 55 行.
NOTIC: [2] array_merge(): Argument #2 is not an array E:\phpStudy\WWW\novel\ThinkPHP\Library\Think\Hook.class.php 第 55 行.
INFO: [ app_begin ] --START--
INFO: Run Behavior\ReadHtmlCacheBehavior [ RunTime:0.000000s ]
INFO: [ app_begin ] --END-- [ RunTime:0.000000s ]
SQL: SHOW COLUMNS FROM `sky_category` [ RunTime:0.0030s ]
INFO: [ view_parse ] --START--
INFO: [ template_filter ] --START--
INFO: Run Behavior\ContentReplaceBehavior [ RunTime:0.001000s ]
INFO: [ template_filter ] --END-- [ RunTime:0.001000s ]
INFO: Run Behavior\ParseTemplateBehavior [ RunTime:0.011001s ]
INFO: [ view_parse ] --END-- [ RunTime:0.011001s ]
INFO: [ view_filter ] --START--
INFO: Run Behavior\WriteHtmlCacheBehavior [ RunTime:0.000000s ]
INFO: Run Behavior\TokenBuildBehavior [ RunTime:0.001000s ]
INFO: [ view_filter ] --END-- [ RunTime:0.001000s ]
INFO: [ app_end ] --START--
INFO: Run Behavior\ShowPageTraceBehavior [ RunTime:0.001000s ]
INFO: [ app_end ] --END-- [ RunTime:0.001000s ]

